Compiling the CXX compiler identification source file "CMakeCXXCompilerId.cpp" failed.
Compiler: /usr/bin/g++ 
Build flags: -m32
Id flags:  

The output was:
1
/usr/bin/ld: cannot find Scrt1.o: No such file or directory
/usr/bin/ld: cannot find crti.o: No such file or directory
/usr/bin/ld: skipping incompatible /usr/lib/gcc/x86_64-linux-gnu/11/libstdc++.so when searching for -lstdc++
/usr/bin/ld: skipping incompatible /usr/lib/gcc/x86_64-linux-gnu/11/libstdc++.a when searching for -lstdc++
/usr/bin/ld: cannot find -lstdc++: No such file or directory
/usr/bin/ld: skipping incompatible /usr/lib/gcc/x86_64-linux-gnu/11/libstdc++.so when searching for -lstdc++
/usr/bin/ld: skipping incompatible /usr/lib/x86_64-linux-gnu/libm.so when searching for -lm
/usr/bin/ld: skipping incompatible /usr/lib/x86_64-linux-gnu/libm.a when searching for -lm
/usr/bin/ld: cannot find -lm: No such file or directory
/usr/bin/ld: skipping incompatible /usr/lib/x86_64-linux-gnu/libm.so when searching for -lm
/usr/bin/ld: skipping incompatible /usr/lib/gcc/x86_64-linux-gnu/11/libgcc.a when searching for -lgcc
/usr/bin/ld: cannot find -lgcc: No such file or directory
collect2: error: ld returned 1 exit status


Compiling the C compiler identification source file "CMakeCCompilerId.c" failed.
Compiler: /usr/bin/gcc 
Build flags: -m32
Id flags:  

The output was:
1
/usr/bin/ld: cannot find Scrt1.o: No such file or directory
/usr/bin/ld: cannot find crti.o: No such file or directory
/usr/bin/ld: skipping incompatible /usr/lib/gcc/x86_64-linux-gnu/11/libgcc.a when searching for -lgcc
/usr/bin/ld: cannot find -lgcc: No such file or directory
/usr/bin/ld: skipping incompatible /usr/lib/gcc/x86_64-linux-gnu/11/libgcc.a when searching for -lgcc
/usr/bin/ld: cannot find -lgcc: No such file or directory
collect2: error: ld returned 1 exit status


Detecting CXX compiler ABI info failed to compile with the following output:
Change Dir: /home/andreas/git/ecdar/UCDD/CMakeFiles/CMakeTmp

Run Build Command(s):/usr/bin/gmake -f Makefile cmTC_1801e/fast && /usr/bin/gmake  -f CMakeFiles/cmTC_1801e.dir/build.make CMakeFiles/cmTC_1801e.dir/build
gmake[1]: Entering directory '/home/andreas/git/ecdar/UCDD/CMakeFiles/CMakeTmp'
Building CXX object CMakeFiles/cmTC_1801e.dir/CMakeCXXCompilerABI.cpp.o
/usr/bin/g++   -m32    -v -o CMakeFiles/cmTC_1801e.dir/CMakeCXXCompilerABI.cpp.o -c /usr/share/cmake-3.22/Modules/CMakeCXXCompilerABI.cpp
Using built-in specs.
COLLECT_GCC=/usr/bin/g++
OFFLOAD_TARGET_NAMES=nvptx-none:amdgcn-amdhsa
OFFLOAD_TARGET_DEFAULT=1
Target: x86_64-linux-gnu
Configured with: ../src/configure -v --with-pkgversion='Ubuntu 11.3.0-1ubuntu1~22.04' --with-bugurl=file:///usr/share/doc/gcc-11/README.Bugs --enable-languages=c,ada,c++,go,brig,d,fortran,objc,obj-c++,m2 --prefix=/usr --with-gcc-major-version-only --program-suffix=-11 --program-prefix=x86_64-linux-gnu- --enable-shared --enable-linker-build-id --libexecdir=/usr/lib --without-included-gettext --enable-threads=posix --libdir=/usr/lib --enable-nls --enable-bootstrap --enable-clocale=gnu --enable-libstdcxx-debug --enable-libstdcxx-time=yes --with-default-libstdcxx-abi=new --enable-gnu-unique-object --disable-vtable-verify --enable-plugin --enable-default-pie --with-system-zlib --enable-libphobos-checking=release --with-target-system-zlib=auto --enable-objc-gc=auto --enable-multiarch --disable-werror --enable-cet --with-arch-32=i686 --with-abi=m64 --with-multilib-list=m32,m64,mx32 --enable-multilib --with-tune=generic --enable-offload-targets=nvptx-none=/build/gcc-11-xKiWfi/gcc-11-11.3.0/debian/tmp-nvptx/usr,amdgcn-amdhsa=/build/gcc-11-xKiWfi/gcc-11-11.3.0/debian/tmp-gcn/usr --without-cuda-driver --enable-checking=release --build=x86_64-linux-gnu --host=x86_64-linux-gnu --target=x86_64-linux-gnu --with-build-config=bootstrap-lto-lean --enable-link-serialization=2
Thread model: posix
Supported LTO compression algorithms: zlib zstd
gcc version 11.3.0 (Ubuntu 11.3.0-1ubuntu1~22.04) 
COLLECT_GCC_OPTIONS='-m32' '-v' '-o' 'CMakeFiles/cmTC_1801e.dir/CMakeCXXCompilerABI.cpp.o' '-c' '-shared-libgcc' '-mtune=generic' '-march=i686' '-dumpdir' 'CMakeFiles/cmTC_1801e.dir/'
 /usr/lib/gcc/x86_64-linux-gnu/11/cc1plus -quiet -v -imultilib 32 -imultiarch i386-linux-gnu -D_GNU_SOURCE /usr/share/cmake-3.22/Modules/CMakeCXXCompilerABI.cpp -quiet -dumpdir CMakeFiles/cmTC_1801e.dir/ -dumpbase CMakeCXXCompilerABI.cpp.cpp -dumpbase-ext .cpp -m32 -mtune=generic -march=i686 -version -fasynchronous-unwind-tables -fstack-protector-strong -Wformat -Wformat-security -fstack-clash-protection -o /tmp/cc8OWqgH.s
GNU C++17 (Ubuntu 11.3.0-1ubuntu1~22.04) version 11.3.0 (x86_64-linux-gnu)
	compiled by GNU C version 11.3.0, GMP version 6.2.1, MPFR version 4.1.0, MPC version 1.2.1, isl version isl-0.24-GMP

GGC heuristics: --param ggc-min-expand=100 --param ggc-min-heapsize=131072
ignoring nonexistent directory "/usr/lib/gcc/x86_64-linux-gnu/11/../../../../include/x86_64-linux-gnu/c++/11/32"
ignoring nonexistent directory "/usr/lib/gcc/x86_64-linux-gnu/11/../../../../include/i386-linux-gnu/c++/11"
ignoring nonexistent directory "/usr/local/include/i386-linux-gnu"
ignoring nonexistent directory "/usr/lib/gcc/x86_64-linux-gnu/11/include-fixed"
ignoring nonexistent directory "/usr/lib/gcc/x86_64-linux-gnu/11/../../../../x86_64-linux-gnu/include"
ignoring nonexistent directory "/usr/include/i386-linux-gnu"
#include "..." search starts here:
#include <...> search starts here:
 /usr/include/c++/11
 /usr/include/c++/11/backward
 /usr/lib/gcc/x86_64-linux-gnu/11/include
 /usr/local/include
 /usr/include
End of search list.
GNU C++17 (Ubuntu 11.3.0-1ubuntu1~22.04) version 11.3.0 (x86_64-linux-gnu)
	compiled by GNU C version 11.3.0, GMP version 6.2.1, MPFR version 4.1.0, MPC version 1.2.1, isl version isl-0.24-GMP

GGC heuristics: --param ggc-min-expand=100 --param ggc-min-heapsize=131072
Compiler executable checksum: 449548cbb29044828dc7ea158b577b98
COLLECT_GCC_OPTIONS='-m32' '-v' '-o' 'CMakeFiles/cmTC_1801e.dir/CMakeCXXCompilerABI.cpp.o' '-c' '-shared-libgcc' '-mtune=generic' '-march=i686' '-dumpdir' 'CMakeFiles/cmTC_1801e.dir/'
 as -v --32 -o CMakeFiles/cmTC_1801e.dir/CMakeCXXCompilerABI.cpp.o /tmp/cc8OWqgH.s
GNU assembler version 2.38 (x86_64-linux-gnu) using BFD version (GNU Binutils for Ubuntu) 2.38
COMPILER_PATH=/usr/lib/gcc/x86_64-linux-gnu/11/:/usr/lib/gcc/x86_64-linux-gnu/11/:/usr/lib/gcc/x86_64-linux-gnu/:/usr/lib/gcc/x86_64-linux-gnu/11/:/usr/lib/gcc/x86_64-linux-gnu/
LIBRARY_PATH=/usr/lib/gcc/x86_64-linux-gnu/11/../../../../lib32/:/lib/../lib32/:/usr/lib/../lib32/:/usr/lib/gcc/x86_64-linux-gnu/11/:/usr/lib/gcc/x86_64-linux-gnu/11/../../../:/lib/:/usr/lib/
COLLECT_GCC_OPTIONS='-m32' '-v' '-o' 'CMakeFiles/cmTC_1801e.dir/CMakeCXXCompilerABI.cpp.o' '-c' '-shared-libgcc' '-mtune=generic' '-march=i686' '-dumpdir' 'CMakeFiles/cmTC_1801e.dir/CMakeCXXCompilerABI.cpp.'
Linking CXX executable cmTC_1801e
/usr/bin/cmake -E cmake_link_script CMakeFiles/cmTC_1801e.dir/link.txt --verbose=1
/usr/bin/g++ -m32   -v CMakeFiles/cmTC_1801e.dir/CMakeCXXCompilerABI.cpp.o -o cmTC_1801e 
Using built-in specs.
COLLECT_GCC=/usr/bin/g++
COLLECT_LTO_WRAPPER=/usr/lib/gcc/x86_64-linux-gnu/11/lto-wrapper
OFFLOAD_TARGET_NAMES=nvptx-none:amdgcn-amdhsa
OFFLOAD_TARGET_DEFAULT=1
Target: x86_64-linux-gnu
Configured with: ../src/configure -v --with-pkgversion='Ubuntu 11.3.0-1ubuntu1~22.04' --with-bugurl=file:///usr/share/doc/gcc-11/README.Bugs --enable-languages=c,ada,c++,go,brig,d,fortran,objc,obj-c++,m2 --prefix=/usr --with-gcc-major-version-only --program-suffix=-11 --program-prefix=x86_64-linux-gnu- --enable-shared --enable-linker-build-id --libexecdir=/usr/lib --without-included-gettext --enable-threads=posix --libdir=/usr/lib --enable-nls --enable-bootstrap --enable-clocale=gnu --enable-libstdcxx-debug --enable-libstdcxx-time=yes --with-default-libstdcxx-abi=new --enable-gnu-unique-object --disable-vtable-verify --enable-plugin --enable-default-pie --with-system-zlib --enable-libphobos-checking=release --with-target-system-zlib=auto --enable-objc-gc=auto --enable-multiarch --disable-werror --enable-cet --with-arch-32=i686 --with-abi=m64 --with-multilib-list=m32,m64,mx32 --enable-multilib --with-tune=generic --enable-offload-targets=nvptx-none=/build/gcc-11-xKiWfi/gcc-11-11.3.0/debian/tmp-nvptx/usr,amdgcn-amdhsa=/build/gcc-11-xKiWfi/gcc-11-11.3.0/debian/tmp-gcn/usr --without-cuda-driver --enable-checking=release --build=x86_64-linux-gnu --host=x86_64-linux-gnu --target=x86_64-linux-gnu --with-build-config=bootstrap-lto-lean --enable-link-serialization=2
Thread model: posix
Supported LTO compression algorithms: zlib zstd
gcc version 11.3.0 (Ubuntu 11.3.0-1ubuntu1~22.04) 
COMPILER_PATH=/usr/lib/gcc/x86_64-linux-gnu/11/:/usr/lib/gcc/x86_64-linux-gnu/11/:/usr/lib/gcc/x86_64-linux-gnu/:/usr/lib/gcc/x86_64-linux-gnu/11/:/usr/lib/gcc/x86_64-linux-gnu/
LIBRARY_PATH=/usr/lib/gcc/x86_64-linux-gnu/11/../../../../lib32/:/lib/../lib32/:/usr/lib/../lib32/:/usr/lib/gcc/x86_64-linux-gnu/11/:/usr/lib/gcc/x86_64-linux-gnu/11/../../../:/lib/:/usr/lib/
COLLECT_GCC_OPTIONS='-m32' '-v' '-o' 'cmTC_1801e' '-shared-libgcc' '-mtune=generic' '-march=i686' '-dumpdir' 'cmTC_1801e.'
 /usr/lib/gcc/x86_64-linux-gnu/11/collect2 -plugin /usr/lib/gcc/x86_64-linux-gnu/11/liblto_plugin.so -plugin-opt=/usr/lib/gcc/x86_64-linux-gnu/11/lto-wrapper -plugin-opt=-fresolution=/tmp/ccIg5mqD.res -plugin-opt=-pass-through=-lgcc_s -plugin-opt=-pass-through=-lgcc -plugin-opt=-pass-through=-lc -plugin-opt=-pass-through=-lgcc_s -plugin-opt=-pass-through=-lgcc --build-id --eh-frame-hdr -m elf_i386 --hash-style=gnu --as-needed -dynamic-linker /lib/ld-linux.so.2 -pie -z now -z relro -o cmTC_1801e Scrt1.o crti.o /usr/lib/gcc/x86_64-linux-gnu/11/crtbeginS.o -L/usr/lib/gcc/x86_64-linux-gnu/11/../../../../lib32 -L/lib/../lib32 -L/usr/lib/../lib32 -L/usr/lib/gcc/x86_64-linux-gnu/11 -L/usr/lib/gcc/x86_64-linux-gnu/11/../../.. CMakeFiles/cmTC_1801e.dir/CMakeCXXCompilerABI.cpp.o -lstdc++ -lm -lgcc_s -lgcc -lc -lgcc_s -lgcc /usr/lib/gcc/x86_64-linux-gnu/11/crtendS.o crtn.o
/usr/bin/ld: cannot find Scrt1.o: No such file or directory
/usr/bin/ld: cannot find crti.o: No such file or directory
/usr/bin/ld: skipping incompatible /usr/lib/gcc/x86_64-linux-gnu/11/libstdc++.so when searching for -lstdc++
/usr/bin/ld: skipping incompatible /usr/lib/gcc/x86_64-linux-gnu/11/libstdc++.a when searching for -lstdc++
/usr/bin/ld: cannot find -lstdc++: No such file or directory
/usr/bin/ld: skipping incompatible /usr/lib/gcc/x86_64-linux-gnu/11/libstdc++.so when searching for -lstdc++
/usr/bin/ld: skipping incompatible /usr/lib/x86_64-linux-gnu/libm.so when searching for -lm
/usr/bin/ld: skipping incompatible /usr/lib/x86_64-linux-gnu/libm.a when searching for -lm
/usr/bin/ld: cannot find -lm: No such file or directory
/usr/bin/ld: skipping incompatible /usr/lib/x86_64-linux-gnu/libm.so when searching for -lm
/usr/bin/ld: skipping incompatible /usr/lib/gcc/x86_64-linux-gnu/11/libgcc.a when searching for -lgcc
/usr/bin/ld: cannot find -lgcc: No such file or directory
collect2: error: ld returned 1 exit status
gmake[1]: *** [CMakeFiles/cmTC_1801e.dir/build.make:99: cmTC_1801e] Error 1
gmake[1]: Leaving directory '/home/andreas/git/ecdar/UCDD/CMakeFiles/CMakeTmp'
gmake: *** [Makefile:127: cmTC_1801e/fast] Error 2




Determining if the CXX compiler works failed with the following output:
Change Dir: /home/andreas/git/ecdar/UCDD/CMakeFiles/CMakeTmp

Run Build Command(s):/usr/bin/gmake -f Makefile cmTC_08b04/fast && /usr/bin/gmake  -f CMakeFiles/cmTC_08b04.dir/build.make CMakeFiles/cmTC_08b04.dir/build
gmake[1]: Entering directory '/home/andreas/git/ecdar/UCDD/CMakeFiles/CMakeTmp'
Building CXX object CMakeFiles/cmTC_08b04.dir/testCXXCompiler.cxx.o
/usr/bin/g++   -m32  -o CMakeFiles/cmTC_08b04.dir/testCXXCompiler.cxx.o -c /home/andreas/git/ecdar/UCDD/CMakeFiles/CMakeTmp/testCXXCompiler.cxx
Linking CXX executable cmTC_08b04
/usr/bin/cmake -E cmake_link_script CMakeFiles/cmTC_08b04.dir/link.txt --verbose=1
/usr/bin/g++ -m32  CMakeFiles/cmTC_08b04.dir/testCXXCompiler.cxx.o -o cmTC_08b04 
/usr/bin/ld: cannot find Scrt1.o: No such file or directory
/usr/bin/ld: cannot find crti.o: No such file or directory
/usr/bin/ld: skipping incompatible /usr/lib/gcc/x86_64-linux-gnu/11/libstdc++.so when searching for -lstdc++
/usr/bin/ld: skipping incompatible /usr/lib/gcc/x86_64-linux-gnu/11/libstdc++.a when searching for -lstdc++
/usr/bin/ld: cannot find -lstdc++: No such file or directory
/usr/bin/ld: skipping incompatible /usr/lib/gcc/x86_64-linux-gnu/11/libstdc++.so when searching for -lstdc++
/usr/bin/ld: skipping incompatible /usr/lib/x86_64-linux-gnu/libm.so when searching for -lm
/usr/bin/ld: skipping incompatible /usr/lib/x86_64-linux-gnu/libm.a when searching for -lm
/usr/bin/ld: cannot find -lm: No such file or directory
/usr/bin/ld: skipping incompatible /usr/lib/x86_64-linux-gnu/libm.so when searching for -lm
/usr/bin/ld: skipping incompatible /usr/lib/gcc/x86_64-linux-gnu/11/libgcc.a when searching for -lgcc
/usr/bin/ld: cannot find -lgcc: No such file or directory
collect2: error: ld returned 1 exit status
gmake[1]: *** [CMakeFiles/cmTC_08b04.dir/build.make:99: cmTC_08b04] Error 1
gmake[1]: Leaving directory '/home/andreas/git/ecdar/UCDD/CMakeFiles/CMakeTmp'
gmake: *** [Makefile:127: cmTC_08b04/fast] Error 2



